<?xml version="1.0" encoding="UTF-8"?>
<testsuite xmlns:xsi="http://www.w3.org/2001/XMLSchema-instance" xsi:noNamespaceSchemaLocation="https://maven.apache.org/surefire/maven-surefire-plugin/xsd/surefire-test-report-3.0.xsd" version="3.0" name="com.khoffylabs.StreamLambdaHandlerTest" time="8.683" tests="2" errors="0" skipped="0" failures="0">
  <properties>
[...]
</properties>
  <testcase name="ping_streamRequest_respondsWithHello" classname="com.khoffylabs.StreamLambdaHandlerTest" time="0.291">
    <system-out><![CDATA[01:08:06.073 [main] INFO com.amazonaws.serverless.proxy.internal.LambdaContainerHandler -- Starting Lambda Container Handler

  .   ____          _            __ _ _
 /\\ / ___'_ __ _ _(_)_ __  __ _ \ \ \ \
( ( )\___ | '_ | '_| | '_ \/ _` | \ \ \ \
 \\/  ___)| |_)| | | | | || (_| |  ) ) ) )
  '  |____| .__|_| |_|_| |_\__, | / / / /
 =========|_|==============|___/=/_/_/_/
 :: Spring Boot ::                (v3.1.0)

2023-09-26T01:08:07.460-05:00  INFO 1213 --- [           main] o.a.maven.surefire.booter.ForkedBooter   : Starting ForkedBooter v3.0.0 using Java 17.0.8.1 with PID 1213 (started by khoffy in /home/khoffy/VsCode/Maven/catalog-serverless-app)
2023-09-26T01:08:07.464-05:00  INFO 1213 --- [           main] o.a.maven.surefire.booter.ForkedBooter   : No active profile set, falling back to 1 default profile: "default"
2023-09-26T01:08:08.255-05:00  INFO 1213 --- [           main] .s.d.r.c.RepositoryConfigurationDelegate : Bootstrapping Spring Data JPA repositories in DEFAULT mode.
2023-09-26T01:08:08.325-05:00  INFO 1213 --- [           main] .s.d.r.c.RepositoryConfigurationDelegate : Finished Spring Data repository scanning in 60 ms. Found 1 JPA repository interfaces.
2023-09-26T01:08:08.740-05:00  INFO 1213 --- [           main] c.a.s.p.i.servlet.AwsServletContext      : Initializing Spring embedded WebApplicationContext
2023-09-26T01:08:08.744-05:00  INFO 1213 --- [           main] w.s.c.ServletWebServerApplicationContext : Root WebApplicationContext: initialization completed in 1187 ms
2023-09-26T01:08:09.026-05:00  INFO 1213 --- [           main] com.zaxxer.hikari.HikariDataSource       : HikariPool-1 - Starting...
2023-09-26T01:08:09.431-05:00  INFO 1213 --- [           main] com.zaxxer.hikari.pool.HikariPool        : HikariPool-1 - Added connection conn0: url=jdbc:h2:mem:cdd485cf-3615-4d83-b0ad-43e8612075db user=SA
2023-09-26T01:08:09.433-05:00  INFO 1213 --- [           main] com.zaxxer.hikari.HikariDataSource       : HikariPool-1 - Start completed.
2023-09-26T01:08:09.528-05:00  INFO 1213 --- [           main] o.hibernate.jpa.internal.util.LogHelper  : HHH000204: Processing PersistenceUnitInfo [name: default]
2023-09-26T01:08:09.677-05:00  INFO 1213 --- [           main] org.hibernate.Version                    : HHH000412: Hibernate ORM core version 6.2.2.Final
2023-09-26T01:08:09.679-05:00  INFO 1213 --- [           main] org.hibernate.cfg.Environment            : HHH000406: Using bytecode reflection optimizer
2023-09-26T01:08:09.990-05:00  INFO 1213 --- [           main] o.h.b.i.BytecodeProviderInitiator        : HHH000021: Bytecode provider name : bytebuddy
2023-09-26T01:08:10.260-05:00  INFO 1213 --- [           main] o.s.o.j.p.SpringPersistenceUnitInfo      : No LoadTimeWeaver setup: ignoring JPA class transformer
2023-09-26T01:08:10.367-05:00  INFO 1213 --- [           main] org.hibernate.orm.dialect                : HHH035001: Using dialect: org.hibernate.dialect.H2Dialect, version: 2.1.214
2023-09-26T01:08:10.685-05:00  INFO 1213 --- [           main] o.h.b.i.BytecodeProviderInitiator        : HHH000021: Bytecode provider name : bytebuddy
2023-09-26T01:08:11.634-05:00  INFO 1213 --- [           main] o.h.e.t.j.p.i.JtaPlatformInitiator       : HHH000490: Using JtaPlatform implementation: [org.hibernate.engine.transaction.jta.platform.internal.NoJtaPlatform]
2023-09-26T01:08:11.692-05:00  INFO 1213 --- [           main] o.h.t.s.i.e.GenerationTargetToDatabase   : HHH000476: Executing script '[injected ScriptSourceInputNonExistentImpl script]'
2023-09-26T01:08:11.696-05:00  INFO 1213 --- [           main] j.LocalContainerEntityManagerFactoryBean : Initialized JPA EntityManagerFactory for persistence unit 'default'
2023-09-26T01:08:12.276-05:00  WARN 1213 --- [           main] JpaBaseConfiguration$JpaWebConfiguration : spring.jpa.open-in-view is enabled by default. Therefore, database queries may be performed during view rendering. Explicitly configure spring.jpa.open-in-view to disable this warning
2023-09-26T01:08:12.990-05:00  INFO 1213 --- [           main] o.a.maven.surefire.booter.ForkedBooter   : Started ForkedBooter in 6.316 seconds (process running for 9.256)
2023-09-26T01:08:13.346-05:00  INFO 1213 --- [           main] c.a.s.p.i.servlet.AwsServletContext      : Initializing Spring DispatcherServlet 'dispatcherServlet'
2023-09-26T01:08:13.346-05:00  INFO 1213 --- [           main] o.s.web.servlet.DispatcherServlet        : Initializing Servlet 'dispatcherServlet'
2023-09-26T01:08:13.348-05:00  INFO 1213 --- [           main] o.s.web.servlet.DispatcherServlet        : Completed initialization in 1 ms
2023-09-26T01:08:13.629-05:00  INFO 1213 --- [           main] c.a.s.p.internal.LambdaContainerHandler  : 127.0.0.1 null- null [26/09/2023:06:08:13-0500] "GET /ping HTTP/1.1" 200 24 "-" "-" combined
]]></system-out>
  </testcase>
  <testcase name="invalidResource_streamRequest_responds404" classname="com.khoffylabs.StreamLambdaHandlerTest" time="0.016">
    <system-out><![CDATA[2023-09-26T01:08:13.650-05:00  WARN 1213 --- [           main] o.s.web.servlet.PageNotFound             : No mapping for GET /pong
2023-09-26T01:08:13.651-05:00  INFO 1213 --- [           main] c.a.s.p.internal.LambdaContainerHandler  : 127.0.0.1 null- null [26/09/2023:06:08:13-0500] "GET /pong HTTP/1.1" 404 - "-" "-" combined
]]></system-out>
  </testcase>
</testsuite>